<?xml version="1.0" encoding="UTF-8"?>
<!-- Generated by org.testng.reporters.JUnitReportReporter -->
<testsuite hostname="EGPSCILP000356" failures="0" tests="1" name="test.TestChrome" time="0.068" errors="0" timestamp="2024-01-21T15:53:44 EET" skipped="0">
  <testcase classname="test.TestChrome" name="name" time="0.068"/>
  <system-out/>
</testsuite> <!-- test.TestChrome -->
