<?xml version="1.0" encoding="UTF-8"?>
<!-- Generated by org.testng.reporters.JUnitReportReporter -->
<testsuite hostname="EGPSCILP000356" failures="0" tests="1" name="test.BaseTest" time="13.298" errors="0" timestamp="2023-12-14T10:55:21 EET" skipped="0">
  <testcase classname="test.BaseTest" name="setup" time="13.298"/>
  <system-out/>
</testsuite> <!-- test.BaseTest -->
