<?xml version="1.0" encoding="UTF-8"?>
<!-- Generated by org.testng.reporters.JUnitReportReporter -->
<testsuite hostname="EGPSCILP000356" failures="0" tests="1" name="test.HomePageTest" time="12.969" errors="0" timestamp="2023-12-14T10:56:24 EET" skipped="0">
  <testcase classname="test.HomePageTest" name="test" time="12.969"/>
  <system-out/>
</testsuite> <!-- test.HomePageTest -->
